2026-04-16T09:44:07.650+05:30  INFO 22428 --- [restartedMain] com.sbi.ems.App                          : Starting App using Java 17.0.18 with PID 22428 (D:\Projects\sbi-apr-2026\sbi-eclipse-ws\ems\ems-java-app\target\classes started by DELL in D:\Projects\sbi-apr-2026\sbi-eclipse-ws\ems\ems-java-app)
2026-04-16T09:44:07.672+05:30 DEBUG 22428 --- [restartedMain] com.sbi.ems.App                          : Running with Spring Boot v3.2.5, Spring v6.1.6
2026-04-16T09:44:07.677+05:30  INFO 22428 --- [restartedMain] com.sbi.ems.App                          : The following 1 profile is active: "dev"
2026-04-16T09:44:17.311+05:30  INFO 22428 --- [restartedMain] com.sbi.ems.security.JwtUtil             : JwtUtil initialised. Token expiry: 3600000 ms
2026-04-16T09:44:17.543+05:30 DEBUG 22428 --- [restartedMain] com.sbi.ems.security.JwtFilter           : Filter 'jwtFilter' configured for use
2026-04-16T09:44:19.863+05:30  WARN 22428 --- [restartedMain] org.hibernate.orm.deprecation            : HHH90000025: H2Dialect does not need to be specified explicitly using 'hibernate.dialect' (remove the property setting and it will be selected by default)
2026-04-16T09:44:29.578+05:30  WARN 22428 --- [restartedMain] JpaBaseConfiguration$JpaWebConfiguration : spring.jpa.open-in-view is enabled by default. Therefore, database queries may be performed during view rendering. Explicitly configure spring.jpa.open-in-view to disable this warning
2026-04-16T09:44:31.597+05:30  INFO 22428 --- [restartedMain] o.s.s.web.DefaultSecurityFilterChain     : Will secure any request with [org.springframework.security.web.session.DisableEncodeUrlFilter@7de6ef20, org.springframework.security.web.context.request.async.WebAsyncManagerIntegrationFilter@552b14bf, org.springframework.security.web.context.SecurityContextHolderFilter@4332d027, org.springframework.security.web.header.HeaderWriterFilter@23e14d74, org.springframework.web.filter.CorsFilter@79be9abe, org.springframework.security.web.authentication.logout.LogoutFilter@59fe5aad, com.sbi.ems.security.JwtFilter@509efcfa, org.springframework.security.web.savedrequest.RequestCacheAwareFilter@2400050b, org.springframework.security.web.servletapi.SecurityContextHolderAwareRequestFilter@b27ceaf, org.springframework.security.web.authentication.AnonymousAuthenticationFilter@5ce4712d, org.springframework.security.web.session.SessionManagementFilter@49c0a0ac, org.springframework.security.web.access.ExceptionTranslationFilter@48433bb4, org.springframework.security.web.access.intercept.AuthorizationFilter@7147c192]
2026-04-16T09:44:33.922+05:30  INFO 22428 --- [restartedMain] com.sbi.ems.App                          : Started App in 27.658 seconds (process running for 38.548)
2026-04-16T09:44:34.095+05:30  INFO 22428 --- [restartedMain] com.sbi.ems.App                          : SBI EMS started. Navigate to /swagger-ui.html
2026-04-16T09:46:23.546+05:30  WARN 22428 --- [http-nio-8090-exec-2] com.sbi.ems.security.JwtUtil             : JWT validation failed: SignatureException
2026-04-16T09:46:23.652+05:30  INFO 22428 --- [http-nio-8090-exec-2] com.sbi.ems.aop.AuditAspect              : [API] → AuthController.login(..)
2026-04-16T09:46:25.040+05:30  INFO 22428 --- [http-nio-8090-exec-2] com.sbi.ems.aop.AuditAspect              : [API] ← AuthController.login(..) completed in 1390ms
2026-04-16T09:46:43.643+05:30  INFO 22428 --- [http-nio-8090-exec-8] com.sbi.ems.aop.AuditAspect              : [API] → EmployeeController.getEmployeeById(..)
2026-04-16T09:46:43.931+05:30 DEBUG 22428 --- [http-nio-8090-exec-8] com.sbi.ems.aop.AuditAspect              : [SERVICE] EmployeeServiceImpl.getEmployeeById(..) in 265ms
2026-04-16T09:46:43.939+05:30  INFO 22428 --- [http-nio-8090-exec-8] com.sbi.ems.aop.AuditAspect              : [API] ← EmployeeController.getEmployeeById(..) completed in 296ms
2026-04-16T09:46:55.057+05:30  WARN 22428 --- [http-nio-8090-exec-9] com.sbi.ems.security.JwtUtil             : JWT validation failed: MalformedJwtException
2026-04-16T09:46:59.931+05:30  INFO 22428 --- [http-nio-8090-exec-1] com.sbi.ems.aop.AuditAspect              : [API] → EmployeeController.getEmployeeById(..)
2026-04-16T09:46:59.944+05:30 DEBUG 22428 --- [http-nio-8090-exec-1] com.sbi.ems.aop.AuditAspect              : [SERVICE] EmployeeServiceImpl.getEmployeeById(..) in 10ms
2026-04-16T09:46:59.946+05:30  INFO 22428 --- [http-nio-8090-exec-1] com.sbi.ems.aop.AuditAspect              : [API] ← EmployeeController.getEmployeeById(..) completed in 15ms
2026-04-16T09:47:57.170+05:30  INFO 22428 --- [http-nio-8090-exec-5] com.sbi.ems.aop.AuditAspect              : [API] → AuthController.login(..)
2026-04-16T09:47:57.850+05:30  INFO 22428 --- [http-nio-8090-exec-5] com.sbi.ems.aop.AuditAspect              : [API] ← AuthController.login(..) completed in 680ms
2026-04-16T09:48:29.898+05:30  INFO 22428 --- [http-nio-8090-exec-8] com.sbi.ems.aop.AuditAspect              : [API] → EmployeeController.getEmployeeById(..)
2026-04-16T09:48:29.904+05:30 DEBUG 22428 --- [http-nio-8090-exec-8] com.sbi.ems.aop.AuditAspect              : [SERVICE] EmployeeServiceImpl.getEmployeeById(..) in 5ms
2026-04-16T09:48:29.905+05:30  INFO 22428 --- [http-nio-8090-exec-8] com.sbi.ems.aop.AuditAspect              : [API] ← EmployeeController.getEmployeeById(..) completed in 8ms
2026-04-16T09:52:17.783+05:30  WARN 22428 --- [Thread-5] o.s.b.f.support.DisposableBeanAdapter    : Invocation of destroy method failed on bean with name 'inMemoryDatabaseShutdownExecutor': org.h2.jdbc.JdbcSQLNonTransientConnectionException: Database is already closed (to disable automatic closing at VM shutdown, add ";DB_CLOSE_ON_EXIT=FALSE" to the db URL) [90121-224]
2026-04-16T09:52:17.867+05:30  INFO 22428 --- [restartedMain] com.sbi.ems.App                          : Starting SBI Employee Management System...
2026-04-16T09:52:17.899+05:30  INFO 22428 --- [restartedMain] com.sbi.ems.App                          : Starting App using Java 17.0.18 with PID 22428 (D:\Projects\sbi-apr-2026\sbi-eclipse-ws\ems\ems-java-app\target\classes started by DELL in D:\Projects\sbi-apr-2026\sbi-eclipse-ws\ems\ems-java-app)
2026-04-16T09:52:17.900+05:30 DEBUG 22428 --- [restartedMain] com.sbi.ems.App                          : Running with Spring Boot v3.2.5, Spring v6.1.6
2026-04-16T09:52:17.900+05:30  INFO 22428 --- [restartedMain] com.sbi.ems.App                          : The following 1 profile is active: "dev"
2026-04-16T09:52:18.881+05:30  INFO 22428 --- [restartedMain] com.sbi.ems.security.JwtUtil             : JwtUtil initialised. Token expiry: 3600000 ms
2026-04-16T09:52:18.905+05:30 DEBUG 22428 --- [restartedMain] com.sbi.ems.security.JwtFilter           : Filter 'jwtFilter' configured for use
2026-04-16T09:52:18.965+05:30  WARN 22428 --- [restartedMain] org.hibernate.orm.deprecation            : HHH90000025: H2Dialect does not need to be specified explicitly using 'hibernate.dialect' (remove the property setting and it will be selected by default)
2026-04-16T09:52:20.259+05:30  WARN 22428 --- [restartedMain] JpaBaseConfiguration$JpaWebConfiguration : spring.jpa.open-in-view is enabled by default. Therefore, database queries may be performed during view rendering. Explicitly configure spring.jpa.open-in-view to disable this warning
2026-04-16T09:52:20.680+05:30  INFO 22428 --- [restartedMain] o.s.s.web.DefaultSecurityFilterChain     : Will secure any request with [org.springframework.security.web.session.DisableEncodeUrlFilter@3ee56254, org.springframework.security.web.context.request.async.WebAsyncManagerIntegrationFilter@4c111301, org.springframework.security.web.context.SecurityContextHolderFilter@777cfaad, org.springframework.security.web.header.HeaderWriterFilter@314a6446, org.springframework.web.filter.CorsFilter@3283f5be, org.springframework.security.web.authentication.logout.LogoutFilter@5321fcb0, com.sbi.ems.security.JwtFilter@61051711, org.springframework.security.web.savedrequest.RequestCacheAwareFilter@2b1d733d, org.springframework.security.web.servletapi.SecurityContextHolderAwareRequestFilter@6b096e7f, org.springframework.security.web.authentication.AnonymousAuthenticationFilter@15ffce0f, org.springframework.security.web.session.SessionManagementFilter@117854a1, org.springframework.security.web.access.ExceptionTranslationFilter@2eb76daf, org.springframework.security.web.access.intercept.AuthorizationFilter@7b4128e9]
2026-04-16T09:52:21.078+05:30  INFO 22428 --- [restartedMain] com.sbi.ems.App                          : Started App in 3.203 seconds (process running for 505.704)
2026-04-16T09:52:21.083+05:30  INFO 22428 --- [restartedMain] com.sbi.ems.App                          : SBI EMS started. Navigate to /swagger-ui.html
2026-04-16T09:52:32.719+05:30  WARN 22428 --- [Thread-7] o.s.b.f.support.DisposableBeanAdapter    : Invocation of destroy method failed on bean with name 'inMemoryDatabaseShutdownExecutor': org.h2.jdbc.JdbcSQLNonTransientConnectionException: Database is already closed (to disable automatic closing at VM shutdown, add ";DB_CLOSE_ON_EXIT=FALSE" to the db URL) [90121-224]
2026-04-16T09:52:32.785+05:30  INFO 22428 --- [restartedMain] com.sbi.ems.App                          : Starting SBI Employee Management System...
2026-04-16T09:52:32.813+05:30  INFO 22428 --- [restartedMain] com.sbi.ems.App                          : Starting App using Java 17.0.18 with PID 22428 (D:\Projects\sbi-apr-2026\sbi-eclipse-ws\ems\ems-java-app\target\classes started by DELL in D:\Projects\sbi-apr-2026\sbi-eclipse-ws\ems\ems-java-app)
2026-04-16T09:52:32.813+05:30 DEBUG 22428 --- [restartedMain] com.sbi.ems.App                          : Running with Spring Boot v3.2.5, Spring v6.1.6
2026-04-16T09:52:32.813+05:30  INFO 22428 --- [restartedMain] com.sbi.ems.App                          : The following 1 profile is active: "dev"
2026-04-16T09:52:33.768+05:30  INFO 22428 --- [restartedMain] com.sbi.ems.security.JwtUtil             : JwtUtil initialised. Token expiry: 3600000 ms
2026-04-16T09:52:33.783+05:30 DEBUG 22428 --- [restartedMain] com.sbi.ems.security.JwtFilter           : Filter 'jwtFilter' configured for use
2026-04-16T09:52:33.840+05:30  WARN 22428 --- [restartedMain] org.hibernate.orm.deprecation            : HHH90000025: H2Dialect does not need to be specified explicitly using 'hibernate.dialect' (remove the property setting and it will be selected by default)
2026-04-16T09:52:34.909+05:30  WARN 22428 --- [restartedMain] JpaBaseConfiguration$JpaWebConfiguration : spring.jpa.open-in-view is enabled by default. Therefore, database queries may be performed during view rendering. Explicitly configure spring.jpa.open-in-view to disable this warning
2026-04-16T09:52:35.239+05:30  INFO 22428 --- [restartedMain] o.s.s.web.DefaultSecurityFilterChain     : Will secure any request with [org.springframework.security.web.session.DisableEncodeUrlFilter@37e9774c, org.springframework.security.web.context.request.async.WebAsyncManagerIntegrationFilter@337757ef, org.springframework.security.web.context.SecurityContextHolderFilter@707ea118, org.springframework.security.web.header.HeaderWriterFilter@70209317, org.springframework.web.filter.CorsFilter@5c54977a, org.springframework.security.web.authentication.logout.LogoutFilter@271456b7, com.sbi.ems.security.JwtFilter@6ef4c194, org.springframework.security.web.savedrequest.RequestCacheAwareFilter@3654c573, org.springframework.security.web.servletapi.SecurityContextHolderAwareRequestFilter@63bf160, org.springframework.security.web.authentication.AnonymousAuthenticationFilter@5f0e6186, org.springframework.security.web.session.SessionManagementFilter@c96e643, org.springframework.security.web.access.ExceptionTranslationFilter@52824f67, org.springframework.security.web.access.intercept.AuthorizationFilter@6d7d3cf2]
2026-04-16T09:52:35.780+05:30  INFO 22428 --- [restartedMain] com.sbi.ems.App                          : Started App in 2.992 seconds (process running for 520.406)
2026-04-16T09:52:35.783+05:30  INFO 22428 --- [restartedMain] com.sbi.ems.App                          : SBI EMS started. Navigate to /swagger-ui.html
2026-04-16T10:36:38.312+05:30  WARN 22428 --- [HikariPool-3 housekeeper] com.zaxxer.hikari.pool.HikariPool        : HikariPool-3 - Thread starvation or clock leap detected (housekeeper delta=33m4s180ms894µs500ns).
